2009.10.07 22:29 B C:\New Folder\Website\finesse\FINESSE\jquery.fancybox\fancy_closebox.png --> www.snsenbvpgcollege.org /public_html/ss/jquery.fancybox fancy_closebox.png
2009.10.07 22:30 B C:\New Folder\Website\finesse\FINESSE\jquery.fancybox\fancy_left.png --> www.snsenbvpgcollege.org /public_html/ss/jquery.fancybox fancy_left.png
2009.10.07 22:30 B C:\New Folder\Website\finesse\FINESSE\jquery.fancybox\fancy_loading.gif --> www.snsenbvpgcollege.org /public_html/ss/jquery.fancybox fancy_loading.gif
2009.10.07 22:30 B C:\New Folder\Website\finesse\FINESSE\jquery.fancybox\fancy_progress.png --> www.snsenbvpgcollege.org /public_html/ss/jquery.fancybox fancy_progress.png
2009.10.07 22:30 B C:\New Folder\Website\finesse\FINESSE\jquery.fancybox\fancy_right.png --> www.snsenbvpgcollege.org /public_html/ss/jquery.fancybox fancy_right.png
2009.10.07 22:30 B C:\New Folder\Website\finesse\FINESSE\jquery.fancybox\fancy_shadow_e.png --> www.snsenbvpgcollege.org /public_html/ss/jquery.fancybox fancy_shadow_e.png
2009.10.07 22:31 B C:\New Folder\Website\finesse\FINESSE\jquery.fancybox\fancy_shadow_n.png --> www.snsenbvpgcollege.org /public_html/ss/jquery.fancybox fancy_shadow_n.png
2009.10.07 22:31 B C:\New Folder\Website\finesse\FINESSE\jquery.fancybox\fancy_shadow_ne.png --> www.snsenbvpgcollege.org /public_html/ss/jquery.fancybox fancy_shadow_ne.png
2009.10.07 22:31 B C:\New Folder\Website\finesse\FINESSE\jquery.fancybox\fancy_shadow_nw.png --> www.snsenbvpgcollege.org /public_html/ss/jquery.fancybox fancy_shadow_nw.png
2009.10.07 22:31 B C:\New Folder\Website\finesse\FINESSE\jquery.fancybox\fancy_shadow_s.png --> www.snsenbvpgcollege.org /public_html/ss/jquery.fancybox fancy_shadow_s.png
2009.10.07 22:31 B C:\New Folder\Website\finesse\FINESSE\jquery.fancybox\fancy_shadow_se.png --> www.snsenbvpgcollege.org /public_html/ss/jquery.fancybox fancy_shadow_se.png
2009.10.07 22:32 B C:\New Folder\Website\finesse\FINESSE\jquery.fancybox\fancy_shadow_sw.png --> www.snsenbvpgcollege.org /public_html/ss/jquery.fancybox fancy_shadow_sw.png
2009.10.07 22:32 B C:\New Folder\Website\finesse\FINESSE\jquery.fancybox\fancy_shadow_w.png --> www.snsenbvpgcollege.org /public_html/ss/jquery.fancybox fancy_shadow_w.png
2009.10.07 22:32 B C:\New Folder\Website\finesse\FINESSE\jquery.fancybox\fancy_title_left.png --> www.snsenbvpgcollege.org /public_html/ss/jquery.fancybox fancy_title_left.png
2009.10.07 22:32 B C:\New Folder\Website\finesse\FINESSE\jquery.fancybox\fancy_title_main.png --> www.snsenbvpgcollege.org /public_html/ss/jquery.fancybox fancy_title_main.png
2009.10.07 22:32 B C:\New Folder\Website\finesse\FINESSE\jquery.fancybox\fancy_title_right.png --> www.snsenbvpgcollege.org /public_html/ss/jquery.fancybox fancy_title_right.png
2009.10.07 22:33 B C:\New Folder\Website\finesse\FINESSE\jquery.fancybox\jquery-1.3.2.min.js --> www.snsenbvpgcollege.org /public_html/ss/jquery.fancybox jquery-1.3.2.min.js
2009.10.07 22:33 B C:\New Folder\Website\finesse\FINESSE\jquery.fancybox\jquery.easing.1.3.js --> www.snsenbvpgcollege.org /public_html/ss/jquery.fancybox jquery.easing.1.3.js
2009.10.07 22:33 B C:\New Folder\Website\finesse\FINESSE\jquery.fancybox\jquery.fancybox-1.2.1.js --> www.snsenbvpgcollege.org /public_html/ss/jquery.fancybox jquery.fancybox-1.2.1.js
2009.10.07 22:34 B C:\New Folder\Website\finesse\FINESSE\jquery.fancybox\jquery.fancybox-1.2.1.pack.js --> www.snsenbvpgcollege.org /public_html/ss/jquery.fancybox jquery.fancybox-1.2.1.pack.js
2009.10.07 22:34 B C:\New Folder\Website\finesse\FINESSE\jquery.fancybox\jquery.fancybox.css --> www.snsenbvpgcollege.org /public_html/ss/jquery.fancybox jquery.fancybox.css
2009.10.07 22:34 B C:\New Folder\Website\finesse\FINESSE\jquery.fancybox\range.js --> www.snsenbvpgcollege.org /public_html/ss/jquery.fancybox range.js
2009.10.07 22:34 B C:\New Folder\Website\finesse\FINESSE\jquery.fancybox\slider.js --> www.snsenbvpgcollege.org /public_html/ss/jquery.fancybox slider.js
2009.10.07 22:35 B C:\New Folder\Website\finesse\FINESSE\jquery.fancybox\Thumbs.db --> www.snsenbvpgcollege.org /public_html/ss/jquery.fancybox Thumbs.db
2009.10.07 22:35 B C:\New Folder\Website\finesse\FINESSE\jquery.fancybox\timer.js --> www.snsenbvpgcollege.org /public_html/ss/jquery.fancybox timer.js
